Using pre-set license
Built from '2021.3/china_unity/release' branch; Version is '2021.3.23f1c1 (b82b1f861975) revision 12069663'; Using compiler version '192829333'; Build Type 'Release'
OS: 'Windows 10  (10.0.17763) 64bit Professional' Language: 'zh' Physical Memory: 8077 MB
BatchMode: 1, IsHumanControllingUs: 0, StartBugReporterOnCrash: 0, Is64bit: 1, IsPro: 1

COMMAND LINE ARGUMENTS:
C:\Application\Unitys\2021.3.23f1c1\Editor\Unity.exe
-adb2
-batchMode
-noUpm
-name
AssetImportWorker0
-projectPath
H:/unity-workspace/JumpingHappyBlocks
-logFile
Logs/AssetImportWorker0.log
-srvPort
59254
Successfully changed project path to: H:/unity-workspace/JumpingHappyBlocks
H:/unity-workspace/JumpingHappyBlocks
[UnityMemory] Configuration Parameters - Can be set up in boot.config
    "memorysetup-bucket-allocator-granularity=16"
    "memorysetup-bucket-allocator-bucket-count=8"
    "memorysetup-bucket-allocator-block-size=33554432"
    "memorysetup-bucket-allocator-block-count=8"
    "memorysetup-main-allocator-block-size=16777216"
    "memorysetup-thread-allocator-block-size=16777216"
    "memorysetup-gfx-main-allocator-block-size=16777216"
    "memorysetup-gfx-thread-allocator-block-size=16777216"
    "memorysetup-cache-allocator-block-size=4194304"
    "memorysetup-typetree-allocator-block-size=2097152"
    "memorysetup-profiler-bucket-allocator-granularity=16"
    "memorysetup-profiler-bucket-allocator-bucket-count=8"
    "memorysetup-profiler-bucket-allocator-block-size=33554432"
    "memorysetup-profiler-bucket-allocator-block-count=8"
    "memorysetup-profiler-allocator-block-size=16777216"
    "memorysetup-profiler-editor-allocator-block-size=1048576"
    "memorysetup-temp-allocator-size-main=16777216"
    "memorysetup-job-temp-allocator-block-size=2097152"
    "memorysetup-job-temp-allocator-block-size-background=1048576"
    "memorysetup-job-temp-allocator-reduction-small-platforms=262144"
    "memorysetup-temp-allocator-size-background-worker=32768"
    "memorysetup-temp-allocator-size-job-worker=262144"
    "memorysetup-temp-allocator-size-preload-manager=33554432"
    "memorysetup-temp-allocator-size-nav-mesh-worker=65536"
    "memorysetup-temp-allocator-size-audio-worker=65536"
    "memorysetup-temp-allocator-size-cloud-worker=32768"
    "memorysetup-temp-allocator-size-gi-baking-worker=262144"
    "memorysetup-temp-allocator-size-gfx=262144"
Player connection [4644] Host "[IP] 192.168.84.97 [Port] 0 [Flags] 2 [Guid] 1779569336 [EditorId] 1779569336 [Version] 1048832 [Id] WindowsEditor(7,Shendi) [Debug] 1 [PackageName] WindowsEditor [ProjectName] Editor" joined multi-casting on [225.0.0.222:54997]...

Player connection [4644] Host "[IP] 192.168.84.97 [Port] 0 [Flags] 2 [Guid] 1779569336 [EditorId] 1779569336 [Version] 1048832 [Id] WindowsEditor(7,Shendi) [Debug] 1 [PackageName] WindowsEditor [ProjectName] Editor" joined alternative multi-casting on [225.0.0.222:34997]...

AS: AutoStreaming module initializing.
Refreshing native plugins compatible for Editor in 349.71 ms, found 9 plugins.
Preloading 0 native plugins for Editor in 0.00 ms.
Initialize engine version: 2021.3.23f1c1 (b82b1f861975)
[Subsystems] Discovering subsystems at path C:/Application/Unitys/2021.3.23f1c1/Editor/Data/Resources/UnitySubsystems
[Subsystems] Discovering subsystems at path H:/unity-workspace/JumpingHappyBlocks/Assets
GfxDevice: creating device client; threaded=0; jobified=0
Direct3D:
    Version:  Direct3D 11.0 [level 11.0]
    Renderer: Intel(R) HD Graphics (ID=0x156)
    Vendor:   Intel
    VRAM:     128 MB
    Driver:   10.18.10.4358
Initialize mono
Mono path[0] = 'C:/Application/Unitys/2021.3.23f1c1/Editor/Data/Managed'
Mono path[1] = 'C:/Application/Unitys/2021.3.23f1c1/Editor/Data/MonoBleedingEdge/lib/mono/unityjit-win32'
Mono config path = 'C:/Application/Unitys/2021.3.23f1c1/Editor/Data/MonoBleedingEdge/etc'
Using monoOptions --debugger-agent=transport=dt_socket,embedding=1,server=y,suspend=n,address=127.0.0.1:56412
Begin MonoManager ReloadAssembly
Registering precompiled unity dll's ...
Register platform support module: C:/Application/Unitys/2021.3.23f1c1/Editor/Data/PlaybackEngines/WebGLSupport/UnityEditor.WebGL.Extensions.dll
Register platform support module: C:/Application/Unitys/2021.3.23f1c1/Editor/Data/PlaybackEngines/WindowsStandaloneSupport/UnityEditor.WindowsStandalone.Extensions.dll
Registered in 0.027081 seconds.
Native extension for WindowsStandalone target not found
Native extension for WebGL target not found
Refreshing native plugins compatible for Editor in 342.03 ms, found 9 plugins.
Preloading 0 native plugins for Editor in 0.00 ms.
Mono: successfully reloaded assembly
- Completed reload, in  2.864 seconds
Domain Reload Profiling:
	ReloadAssembly (2866ms)
		BeginReloadAssembly (352ms)
			ExecutionOrderSort (0ms)
			DisableScriptedObjects (0ms)
			BackupInstance (0ms)
			ReleaseScriptingObjects (0ms)
			CreateAndSetChildDomain (3ms)
		EndReloadAssembly (2098ms)
			LoadAssemblies (335ms)
			RebuildTransferFunctionScriptingTraits (0ms)
			SetupTypeCache (389ms)
			ReleaseScriptCaches (0ms)
			RebuildScriptCaches (139ms)
			SetupLoadedEditorAssemblies (1308ms)
				LogAssemblyErrors (0ms)
				InitializePlatformSupportModulesInManaged (35ms)
				SetLoadedEditorAssemblies (1ms)
				RefreshPlugins (342ms)
				BeforeProcessingInitializeOnLoad (5ms)
				ProcessInitializeOnLoadAttributes (539ms)
				ProcessInitializeOnLoadMethodAttributes (385ms)
				AfterProcessingInitializeOnLoad (0ms)
				EditorAssembliesLoaded (1ms)
			ExecutionOrderSort2 (0ms)
			AwakeInstancesAfterBackupRestoration (0ms)
Platform modules already initialized, skipping
Registering precompiled user dll's ...
Registered in 0.176149 seconds.
Begin MonoManager ReloadAssembly
Symbol file LoadedFromMemory doesn't match image H:\unity-workspace\JumpingHappyBlocks\Library\PackageCache\com.unity.visualscripting@1.8.0\Editor\VisualScripting.Core\Dependencies\DotNetZip\Unity.VisualScripting.IonicZip.dll
Symbol file LoadedFromMemory doesn't match image H:\unity-workspace\JumpingHappyBlocks\Library\PackageCache\com.unity.visualscripting@1.8.0\Editor\VisualScripting.Core\Dependencies\YamlDotNet\Unity.VisualScripting.YamlDotNet.dll
Native extension for WindowsStandalone target not found
Native extension for WebGL target not found
Refreshing native plugins compatible for Editor in 395.04 ms, found 9 plugins.
Preloading 0 native plugins for Editor in 0.00 ms.
Mono: successfully reloaded assembly
- Completed reload, in  6.727 seconds
Domain Reload Profiling:
	ReloadAssembly (6730ms)
		BeginReloadAssembly (557ms)
			ExecutionOrderSort (0ms)
			DisableScriptedObjects (45ms)
			BackupInstance (0ms)
			ReleaseScriptingObjects (0ms)
			CreateAndSetChildDomain (60ms)
		EndReloadAssembly (5522ms)
			LoadAssemblies (389ms)
			RebuildTransferFunctionScriptingTraits (0ms)
			SetupTypeCache (989ms)
			ReleaseScriptCaches (2ms)
			RebuildScriptCaches (256ms)
			SetupLoadedEditorAssemblies (3686ms)
				LogAssemblyErrors (0ms)
				InitializePlatformSupportModulesInManaged (51ms)
				SetLoadedEditorAssemblies (1ms)
				RefreshPlugins (395ms)
				BeforeProcessingInitializeOnLoad (505ms)
				ProcessInitializeOnLoadAttributes (2563ms)
				ProcessInitializeOnLoadMethodAttributes (124ms)
				AfterProcessingInitializeOnLoad (47ms)
				EditorAssembliesLoaded (1ms)
			ExecutionOrderSort2 (0ms)
			AwakeInstancesAfterBackupRestoration (24ms)
Platform modules already initialized, skipping
========================================================================
Worker process is ready to serve import requests
Launched and connected shader compiler UnityShaderCompiler.exe after 0.35 seconds
Refreshing native plugins compatible for Editor in 3.16 ms, found 9 plugins.
Preloading 0 native plugins for Editor in 0.00 ms.
Unloading 3782 Unused Serialized files (Serialized files now loaded: 0)
Unloading 71 unused Assets / (206.1 KB). Loaded Objects now: 4243.
Memory consumption went from 168.5 MB to 168.3 MB.
Total: 11.408400 ms (FindLiveObjects: 1.074200 ms CreateObjectMapping: 0.678400 ms MarkObjects: 9.211800 ms  DeleteObjects: 0.440800 ms)

AssetImportParameters requested are different than current active one (requested -> active):
  custom:video-decoder-ogg-theora: a1e56fd34408186e4bbccfd4996cb3dc -> 
  custom:container-muxer-webm: aa71ff27fc2769a1b78a27578f13a17b -> 
  custom:container-demuxer-webm: 4f35f7cbe854078d1ac9338744f61a02 -> 
  custom:video-encoder-webm-vp8: eb34c28f22e8b96e1ab97ce403110664 -> 
  custom:audio-encoder-webm-vorbis: bf7c407c2cedff20999df2af8eb42d56 -> 
  custom:framework-win-MediaFoundation: 216162199b28c13a410421893ffa2e32 -> 
  custom:container-demuxer-ogg: 62fdf1f143b41e24485cea50d1cbac27 -> 
  custom:video-decoder-webm-vp8: 9c59270c3fd7afecdb556c50c9e8de78 -> 
  custom:audio-decoder-ogg-vorbis: bf7c407c2cedff20999df2af8eb42d56 -> 
========================================================================
Received Import Request.
  Time since last request: 430429.580818 seconds.
  path: Assets/WX-WASM-SDK-V2/Editor/MiniGameConfig.asset
  artifactKey: Guid(ea56d94fa64e47e42b145eedec255e1a) Importer(815301076,1909f56bfc062723c751e8b465ee728b)
Start importing Assets/WX-WASM-SDK-V2/Editor/MiniGameConfig.asset using Guid(ea56d94fa64e47e42b145eedec255e1a) Importer(815301076,1909f56bfc062723c751e8b465ee728b)  -> (artifact id: '0ed70a5b5e8e71a45bfc2ee69b9bdafd') in 0.169672 seconds 
========================================================================
Received Import Request.
  Time since last request: 19.536610 seconds.
  path: Assets/WX-WASM-SDK-V2/Editor/MiniGameConfig.asset
  artifactKey: Guid(ea56d94fa64e47e42b145eedec255e1a) Importer(815301076,1909f56bfc062723c751e8b465ee728b)
Start importing Assets/WX-WASM-SDK-V2/Editor/MiniGameConfig.asset using Guid(ea56d94fa64e47e42b145eedec255e1a) Importer(815301076,1909f56bfc062723c751e8b465ee728b)  -> (artifact id: '51ea44c94c859be6384dfdcf8f716ec0') in 0.026078 seconds 
========================================================================
Received Prepare
Refreshing native plugins compatible for Editor in 160.97 ms, found 9 plugins.
Preloading 0 native plugins for Editor in 0.00 ms.
Unloading 59 Unused Serialized files (Serialized files now loaded: 0)
Unloading 59 unused Assets / (196.6 KB). Loaded Objects now: 4244.
Memory consumption went from 93.2 MB to 93.0 MB.
Total: 61.477800 ms (FindLiveObjects: 0.613300 ms CreateObjectMapping: 0.606200 ms MarkObjects: 59.822400 ms  DeleteObjects: 0.432900 ms)

AssetImportParameters requested are different than current active one (requested -> active):
  custom:video-decoder-ogg-theora: a1e56fd34408186e4bbccfd4996cb3dc -> 
  custom:container-muxer-webm: aa71ff27fc2769a1b78a27578f13a17b -> 
  custom:container-demuxer-webm: 4f35f7cbe854078d1ac9338744f61a02 -> 
  custom:video-encoder-webm-vp8: eb34c28f22e8b96e1ab97ce403110664 -> 
  custom:audio-encoder-webm-vorbis: bf7c407c2cedff20999df2af8eb42d56 -> 
  custom:framework-win-MediaFoundation: 216162199b28c13a410421893ffa2e32 -> 
  custom:container-demuxer-ogg: 62fdf1f143b41e24485cea50d1cbac27 -> 
  custom:video-decoder-webm-vp8: 9c59270c3fd7afecdb556c50c9e8de78 -> 
  custom:audio-decoder-ogg-vorbis: bf7c407c2cedff20999df2af8eb42d56 -> 
========================================================================
Received Prepare
Refreshing native plugins compatible for Editor in 76.62 ms, found 9 plugins.
Preloading 0 native plugins for Editor in 0.00 ms.
Unloading 59 Unused Serialized files (Serialized files now loaded: 0)
Unloading 59 unused Assets / (196.6 KB). Loaded Objects now: 4244.
Memory consumption went from 93.2 MB to 93.0 MB.
Total: 11.973600 ms (FindLiveObjects: 0.598200 ms CreateObjectMapping: 0.545500 ms MarkObjects: 10.411800 ms  DeleteObjects: 0.414500 ms)

AssetImportParameters requested are different than current active one (requested -> active):
  custom:video-decoder-ogg-theora: a1e56fd34408186e4bbccfd4996cb3dc -> 
  custom:container-muxer-webm: aa71ff27fc2769a1b78a27578f13a17b -> 
  custom:container-demuxer-webm: 4f35f7cbe854078d1ac9338744f61a02 -> 
  custom:video-encoder-webm-vp8: eb34c28f22e8b96e1ab97ce403110664 -> 
  custom:audio-encoder-webm-vorbis: bf7c407c2cedff20999df2af8eb42d56 -> 
  custom:framework-win-MediaFoundation: 216162199b28c13a410421893ffa2e32 -> 
  custom:container-demuxer-ogg: 62fdf1f143b41e24485cea50d1cbac27 -> 
  custom:video-decoder-webm-vp8: 9c59270c3fd7afecdb556c50c9e8de78 -> 
  custom:audio-decoder-ogg-vorbis: bf7c407c2cedff20999df2af8eb42d56 -> 
========================================================================
Received Import Request.
  Time since last request: 2535.270405 seconds.
  path: Assets/WX-WASM-SDK-V2/Editor/wx-editor.dll
  artifactKey: Guid(1cf430f187a0b40eda7f668318d8be23) Importer(815301076,1909f56bfc062723c751e8b465ee728b)
Start importing Assets/WX-WASM-SDK-V2/Editor/wx-editor.dll using Guid(1cf430f187a0b40eda7f668318d8be23) Importer(815301076,1909f56bfc062723c751e8b465ee728b)  -> (artifact id: '6c23495c258b9b486c3479dfa4def692') in 0.555155 seconds 
========================================================================
Received Import Request.
  Time since last request: 34.760003 seconds.
  path: Assets/Scripts/Box.cs
  artifactKey: Guid(fb34b650685c58d429ff61d3a6a7b19c) Importer(815301076,1909f56bfc062723c751e8b465ee728b)
Start importing Assets/Scripts/Box.cs using Guid(fb34b650685c58d429ff61d3a6a7b19c) Importer(815301076,1909f56bfc062723c751e8b465ee728b)  -> (artifact id: '2d6852644236433ba558a37274493c2c') in 0.280552 seconds 
========================================================================
Received Import Request.
  Time since last request: 9.580160 seconds.
  path: Assets/Resources/Prefabs/Bullet.prefab
  artifactKey: Guid(5c297b0a0d827874a94e0cb4d0f0690f) Importer(815301076,1909f56bfc062723c751e8b465ee728b)
Start importing Assets/Resources/Prefabs/Bullet.prefab using Guid(5c297b0a0d827874a94e0cb4d0f0690f) Importer(815301076,1909f56bfc062723c751e8b465ee728b)  -> (artifact id: '39d415577d51a99707d5fced05d9a736') in 1.068871 seconds 
========================================================================
Received Import Request.
  Time since last request: 0.000202 seconds.
  path: Assets/Resources/Prefabs/Player.prefab
  artifactKey: Guid(9666d92054ce865498ca5228518366b3) Importer(815301076,1909f56bfc062723c751e8b465ee728b)
Start importing Assets/Resources/Prefabs/Player.prefab using Guid(9666d92054ce865498ca5228518366b3) Importer(815301076,1909f56bfc062723c751e8b465ee728b)  -> (artifact id: '5f9936a9a9f6c747306f08b7a8c2641c') in 0.203364 seconds 
========================================================================
Received Import Request.
  Time since last request: 1556.028262 seconds.
  path: Assets/Scripts/Bullet.cs
  artifactKey: Guid(ddc24ac71b77416458a7cdd4d5d14793) Importer(815301076,1909f56bfc062723c751e8b465ee728b)
Start importing Assets/Scripts/Bullet.cs using Guid(ddc24ac71b77416458a7cdd4d5d14793) Importer(815301076,1909f56bfc062723c751e8b465ee728b)  -> (artifact id: '134a30f5afb27412b585fd0931f1f358') in 0.017511 seconds 
========================================================================
Received Import Request.
  Time since last request: 3.374035 seconds.
  path: Assets/Scripts/Main.cs
  artifactKey: Guid(89b80b2973c22754b9bebeb01921f0d0) Importer(815301076,1909f56bfc062723c751e8b465ee728b)
Start importing Assets/Scripts/Main.cs using Guid(89b80b2973c22754b9bebeb01921f0d0) Importer(815301076,1909f56bfc062723c751e8b465ee728b)  -> (artifact id: '68a9d0c3eca7066287b4ba78751537d3') in 0.033556 seconds 
========================================================================
Received Import Request.
  Time since last request: 2084.708626 seconds.
  path: Assets/Scripts/Weapon.cs
  artifactKey: Guid(5fea9d9c1c0b4c541b16d6776553304c) Importer(815301076,1909f56bfc062723c751e8b465ee728b)
Start importing Assets/Scripts/Weapon.cs using Guid(5fea9d9c1c0b4c541b16d6776553304c) Importer(815301076,1909f56bfc062723c751e8b465ee728b)  -> (artifact id: '400163198f4a2e8adadcdc1fcae617e9') in 0.042423 seconds 
========================================================================
Received Import Request.
  Time since last request: 3.141463 seconds.
  path: Assets/Scripts/TimeDestory.cs
  artifactKey: Guid(4893d9aba550c5644a3882a9f2b900ff) Importer(815301076,1909f56bfc062723c751e8b465ee728b)
Start importing Assets/Scripts/TimeDestory.cs using Guid(4893d9aba550c5644a3882a9f2b900ff) Importer(815301076,1909f56bfc062723c751e8b465ee728b)  -> (artifact id: 'ab2252cbe54cb057a3b5d4301ba8ec76') in 0.056635 seconds 
========================================================================
Received Import Request.
  Time since last request: 1.936267 seconds.
  path: Assets/Scripts/State.cs
  artifactKey: Guid(b26449a361b054f41aa57038a1b26433) Importer(815301076,1909f56bfc062723c751e8b465ee728b)
Start importing Assets/Scripts/State.cs using Guid(b26449a361b054f41aa57038a1b26433) Importer(815301076,1909f56bfc062723c751e8b465ee728b)  -> (artifact id: 'b443d9c492c1c61b7c26737a3e211912') in 0.053693 seconds 
========================================================================
Received Import Request.
  Time since last request: 188.070678 seconds.
  path: Assets/Fonts/SIMKAI.subset.TTF
  artifactKey: Guid(6f231a7b33c64a74ca28052ebe15147e) Importer(815301076,1909f56bfc062723c751e8b465ee728b)
Start importing Assets/Fonts/SIMKAI.subset.TTF using Guid(6f231a7b33c64a74ca28052ebe15147e) Importer(815301076,1909f56bfc062723c751e8b465ee728b)  -> (artifact id: 'ad83dd4957e50ae25bae9cf1cbc46352') in 0.687449 seconds 
========================================================================
Received Import Request.
  Time since last request: 7.307069 seconds.
  path: Assets/Fonts/SIMKAI.TTF
  artifactKey: Guid(6f231a7b33c64a74ca28052ebe15147e) Importer(815301076,1909f56bfc062723c751e8b465ee728b)
Start importing Assets/Fonts/SIMKAI.TTF using Guid(6f231a7b33c64a74ca28052ebe15147e) Importer(815301076,1909f56bfc062723c751e8b465ee728b)  -> (artifact id: '583673804c0d0bb653952048c756e5b4') in 0.260667 seconds 
========================================================================
Received Import Request.
  Time since last request: 170.905222 seconds.
  path: Assets/Fonts/SIMKAI 1.TTF
  artifactKey: Guid(cdb9186ed30bd894c8415ebb29566bdf) Importer(815301076,1909f56bfc062723c751e8b465ee728b)
Start importing Assets/Fonts/SIMKAI 1.TTF using Guid(cdb9186ed30bd894c8415ebb29566bdf) Importer(815301076,1909f56bfc062723c751e8b465ee728b)  -> (artifact id: '448566b87fb99729a9738ce68d9f13e8') in 0.336325 seconds 
========================================================================
Received Import Request.
  Time since last request: 6.808981 seconds.
  path: Assets/Fonts/SIMKAI.TTF
  artifactKey: Guid(cdb9186ed30bd894c8415ebb29566bdf) Importer(815301076,1909f56bfc062723c751e8b465ee728b)
Start importing Assets/Fonts/SIMKAI.TTF using Guid(cdb9186ed30bd894c8415ebb29566bdf) Importer(815301076,1909f56bfc062723c751e8b465ee728b)  -> (artifact id: '303fd367797c44040c315e4e809a70fd') in 0.093240 seconds 
========================================================================
Received Import Request.
  Time since last request: 13.300352 seconds.
  path: Assets/Fonts
  artifactKey: Guid(d33bcdffb70ed5c458ba595ac1e97d8e) Importer(815301076,1909f56bfc062723c751e8b465ee728b)
Start importing Assets/Fonts using Guid(d33bcdffb70ed5c458ba595ac1e97d8e) Importer(815301076,1909f56bfc062723c751e8b465ee728b)  -> (artifact id: '5268c7e7265adbda1ef58ea83c9cc4d3') in 0.043211 seconds 
========================================================================
Received Import Request.
  Time since last request: 525.051170 seconds.
  path: Assets/Fonts/SIMKAI.TTF
  artifactKey: Guid(cdb9186ed30bd894c8415ebb29566bdf) Importer(815301076,1909f56bfc062723c751e8b465ee728b)
Start importing Assets/Fonts/SIMKAI.TTF using Guid(cdb9186ed30bd894c8415ebb29566bdf) Importer(815301076,1909f56bfc062723c751e8b465ee728b)  -> (artifact id: '8823a1bab75cb7339de3d4d58c0ae16a') in 0.274416 seconds 
========================================================================
Received Import Request.
  Time since last request: 300.283009 seconds.
  path: Assets/Resources/Prefabs/ScorePanel.prefab
  artifactKey: Guid(8c8e7b63ed9d6e149956181979d25a6b) Importer(815301076,1909f56bfc062723c751e8b465ee728b)
Start importing Assets/Resources/Prefabs/ScorePanel.prefab using Guid(8c8e7b63ed9d6e149956181979d25a6b) Importer(815301076,1909f56bfc062723c751e8b465ee728b)  -> (artifact id: '3390d3b976084897aa6e682831b18759') in 0.253300 seconds 
========================================================================
Received Prepare
Registering precompiled user dll's ...
Registered in 0.911105 seconds.
Begin MonoManager ReloadAssembly
Symbol file LoadedFromMemory doesn't match image H:\unity-workspace\JumpingHappyBlocks\Library\PackageCache\com.unity.visualscripting@1.8.0\Editor\VisualScripting.Core\Dependencies\DotNetZip\Unity.VisualScripting.IonicZip.dll
Symbol file LoadedFromMemory doesn't match image H:\unity-workspace\JumpingHappyBlocks\Library\PackageCache\com.unity.visualscripting@1.8.0\Editor\VisualScripting.Core\Dependencies\YamlDotNet\Unity.VisualScripting.YamlDotNet.dll
Native extension for WindowsStandalone target not found
Native extension for WebGL target not found
Refreshing native plugins compatible for Editor in 2.19 ms, found 9 plugins.
Preloading 0 native plugins for Editor in 0.00 ms.
Mono: successfully reloaded assembly
- Completed reload, in  8.865 seconds
Domain Reload Profiling:
	ReloadAssembly (8867ms)
		BeginReloadAssembly (3086ms)
			ExecutionOrderSort (0ms)
			DisableScriptedObjects (31ms)
			BackupInstance (0ms)
			ReleaseScriptingObjects (1ms)
			CreateAndSetChildDomain (2518ms)
		EndReloadAssembly (4733ms)
			LoadAssemblies (567ms)
			RebuildTransferFunctionScriptingTraits (0ms)
			SetupTypeCache (1420ms)
			ReleaseScriptCaches (7ms)
			RebuildScriptCaches (336ms)
			SetupLoadedEditorAssemblies (2268ms)
				LogAssemblyErrors (0ms)
				InitializePlatformSupportModulesInManaged (28ms)
				SetLoadedEditorAssemblies (2ms)
				RefreshPlugins (2ms)
				BeforeProcessingInitializeOnLoad (318ms)
				ProcessInitializeOnLoadAttributes (1744ms)
				ProcessInitializeOnLoadMethodAttributes (120ms)
				AfterProcessingInitializeOnLoad (53ms)
				EditorAssembliesLoaded (1ms)
			ExecutionOrderSort2 (0ms)
			AwakeInstancesAfterBackupRestoration (27ms)
Platform modules already initialized, skipping
Refreshing native plugins compatible for Editor in 22.64 ms, found 9 plugins.
Preloading 0 native plugins for Editor in 0.00 ms.
Unloading 3777 Unused Serialized files (Serialized files now loaded: 0)
Unloading 59 unused Assets / (199.3 KB). Loaded Objects now: 4291.
Memory consumption went from 172.8 MB to 172.6 MB.
Total: 23.260600 ms (FindLiveObjects: 0.655800 ms CreateObjectMapping: 0.572700 ms MarkObjects: 21.378000 ms  DeleteObjects: 0.586400 ms)

AssetImportParameters requested are different than current active one (requested -> active):
  custom:video-decoder-ogg-theora: a1e56fd34408186e4bbccfd4996cb3dc -> 
  custom:container-muxer-webm: aa71ff27fc2769a1b78a27578f13a17b -> 
  custom:container-demuxer-webm: 4f35f7cbe854078d1ac9338744f61a02 -> 
  custom:video-encoder-webm-vp8: eb34c28f22e8b96e1ab97ce403110664 -> 
  custom:audio-encoder-webm-vorbis: bf7c407c2cedff20999df2af8eb42d56 -> 
  custom:framework-win-MediaFoundation: 216162199b28c13a410421893ffa2e32 -> 
  custom:container-demuxer-ogg: 62fdf1f143b41e24485cea50d1cbac27 -> 
  custom:video-decoder-webm-vp8: 9c59270c3fd7afecdb556c50c9e8de78 -> 
  custom:audio-decoder-ogg-vorbis: bf7c407c2cedff20999df2af8eb42d56 -> 
========================================================================
Received Prepare
Refreshing native plugins compatible for Editor in 418.52 ms, found 9 plugins.
Preloading 0 native plugins for Editor in 0.00 ms.
Unloading 59 Unused Serialized files (Serialized files now loaded: 0)
Unloading 59 unused Assets / (196.7 KB). Loaded Objects now: 4291.
Memory consumption went from 98.4 MB to 98.2 MB.
Total: 115.711900 ms (FindLiveObjects: 0.535600 ms CreateObjectMapping: 0.547400 ms MarkObjects: 114.115900 ms  DeleteObjects: 0.509700 ms)

AssetImportParameters requested are different than current active one (requested -> active):
  custom:video-decoder-ogg-theora: a1e56fd34408186e4bbccfd4996cb3dc -> 
  custom:container-muxer-webm: aa71ff27fc2769a1b78a27578f13a17b -> 
  custom:container-demuxer-webm: 4f35f7cbe854078d1ac9338744f61a02 -> 
  custom:video-encoder-webm-vp8: eb34c28f22e8b96e1ab97ce403110664 -> 
  custom:audio-encoder-webm-vorbis: bf7c407c2cedff20999df2af8eb42d56 -> 
  custom:framework-win-MediaFoundation: 216162199b28c13a410421893ffa2e32 -> 
  custom:container-demuxer-ogg: 62fdf1f143b41e24485cea50d1cbac27 -> 
  custom:video-decoder-webm-vp8: 9c59270c3fd7afecdb556c50c9e8de78 -> 
  custom:audio-decoder-ogg-vorbis: bf7c407c2cedff20999df2af8eb42d56 -> 
========================================================================
Received Prepare
Refreshing native plugins compatible for Editor in 110.60 ms, found 9 plugins.
Preloading 0 native plugins for Editor in 0.00 ms.
Unloading 59 Unused Serialized files (Serialized files now loaded: 0)
Unloading 59 unused Assets / (196.8 KB). Loaded Objects now: 4291.
Memory consumption went from 98.1 MB to 97.9 MB.
Total: 11.653500 ms (FindLiveObjects: 0.532800 ms CreateObjectMapping: 0.540700 ms MarkObjects: 10.146800 ms  DeleteObjects: 0.430000 ms)

AssetImportParameters requested are different than current active one (requested -> active):
  custom:video-decoder-ogg-theora: a1e56fd34408186e4bbccfd4996cb3dc -> 
  custom:container-muxer-webm: aa71ff27fc2769a1b78a27578f13a17b -> 
  custom:container-demuxer-webm: 4f35f7cbe854078d1ac9338744f61a02 -> 
  custom:video-encoder-webm-vp8: eb34c28f22e8b96e1ab97ce403110664 -> 
  custom:audio-encoder-webm-vorbis: bf7c407c2cedff20999df2af8eb42d56 -> 
  custom:framework-win-MediaFoundation: 216162199b28c13a410421893ffa2e32 -> 
  custom:container-demuxer-ogg: 62fdf1f143b41e24485cea50d1cbac27 -> 
  custom:video-decoder-webm-vp8: 9c59270c3fd7afecdb556c50c9e8de78 -> 
  custom:audio-decoder-ogg-vorbis: bf7c407c2cedff20999df2af8eb42d56 -> 
========================================================================
Received Import Request.
  Time since last request: 1547.216929 seconds.
  path: Assets/Fonts/SIMKAI.TTF
  artifactKey: Guid(cdb9186ed30bd894c8415ebb29566bdf) Importer(815301076,1909f56bfc062723c751e8b465ee728b)
Start importing Assets/Fonts/SIMKAI.TTF using Guid(cdb9186ed30bd894c8415ebb29566bdf) Importer(815301076,1909f56bfc062723c751e8b465ee728b)  -> (artifact id: '39f07b02f4f27a586267aa97e0050a52') in 0.430599 seconds 
========================================================================
Received Import Request.
  Time since last request: 12.111822 seconds.
  path: Assets/Fonts/SIMKAI.TTF
  artifactKey: Guid(cdb9186ed30bd894c8415ebb29566bdf) Importer(815301076,1909f56bfc062723c751e8b465ee728b)
Start importing Assets/Fonts/SIMKAI.TTF using Guid(cdb9186ed30bd894c8415ebb29566bdf) Importer(815301076,1909f56bfc062723c751e8b465ee728b)  -> (artifact id: '2ed16c3ff273adb236b379729dc3dbab') in 0.081536 seconds 
========================================================================
Received Import Request.
  Time since last request: 136.492304 seconds.
  path: Assets/Fonts/SIMKAI.TTF
  artifactKey: Guid(cdb9186ed30bd894c8415ebb29566bdf) Importer(815301076,1909f56bfc062723c751e8b465ee728b)
Start importing Assets/Fonts/SIMKAI.TTF using Guid(cdb9186ed30bd894c8415ebb29566bdf) Importer(815301076,1909f56bfc062723c751e8b465ee728b)  -> (artifact id: '296ac181418681179dfd2ef7274d52e9') in 0.081881 seconds 
========================================================================
Received Import Request.
  Time since last request: 16.433173 seconds.
  path: Assets/Fonts/SIMKAI.TTF
  artifactKey: Guid(cdb9186ed30bd894c8415ebb29566bdf) Importer(815301076,1909f56bfc062723c751e8b465ee728b)
Start importing Assets/Fonts/SIMKAI.TTF using Guid(cdb9186ed30bd894c8415ebb29566bdf) Importer(815301076,1909f56bfc062723c751e8b465ee728b)  -> (artifact id: '0b722394b2401bdf63677a3e877eaf70') in 0.111023 seconds 
========================================================================
Received Prepare
Registering precompiled user dll's ...
Registered in 0.162235 seconds.
Begin MonoManager ReloadAssembly
Symbol file LoadedFromMemory doesn't match image H:\unity-workspace\JumpingHappyBlocks\Library\PackageCache\com.unity.visualscripting@1.8.0\Editor\VisualScripting.Core\Dependencies\DotNetZip\Unity.VisualScripting.IonicZip.dll
Symbol file LoadedFromMemory doesn't match image H:\unity-workspace\JumpingHappyBlocks\Library\PackageCache\com.unity.visualscripting@1.8.0\Editor\VisualScripting.Core\Dependencies\YamlDotNet\Unity.VisualScripting.YamlDotNet.dll
Native extension for WindowsStandalone target not found
Native extension for WebGL target not found
Refreshing native plugins compatible for Editor in 3.62 ms, found 9 plugins.
Preloading 0 native plugins for Editor in 0.00 ms.
Mono: successfully reloaded assembly
- Completed reload, in 11.276 seconds
Domain Reload Profiling:
	ReloadAssembly (11284ms)
		BeginReloadAssembly (2517ms)
			ExecutionOrderSort (0ms)
			DisableScriptedObjects (617ms)
			BackupInstance (0ms)
			ReleaseScriptingObjects (0ms)
			CreateAndSetChildDomain (273ms)
		EndReloadAssembly (8280ms)
			LoadAssemblies (459ms)
			RebuildTransferFunctionScriptingTraits (0ms)
			SetupTypeCache (3511ms)
			ReleaseScriptCaches (4ms)
			RebuildScriptCaches (239ms)
			SetupLoadedEditorAssemblies (2391ms)
				LogAssemblyErrors (0ms)
				InitializePlatformSupportModulesInManaged (90ms)
				SetLoadedEditorAssemblies (10ms)
				RefreshPlugins (4ms)
				BeforeProcessingInitializeOnLoad (419ms)
				ProcessInitializeOnLoadAttributes (1698ms)
				ProcessInitializeOnLoadMethodAttributes (117ms)
				AfterProcessingInitializeOnLoad (51ms)
				EditorAssembliesLoaded (1ms)
			ExecutionOrderSort2 (0ms)
			AwakeInstancesAfterBackupRestoration (29ms)
Platform modules already initialized, skipping
Refreshing native plugins compatible for Editor in 27.76 ms, found 9 plugins.
Preloading 0 native plugins for Editor in 0.00 ms.
Unloading 3777 Unused Serialized files (Serialized files now loaded: 0)
Unloading 59 unused Assets / (199.3 KB). Loaded Objects now: 4294.
Memory consumption went from 172.8 MB to 172.6 MB.
Total: 19.939600 ms (FindLiveObjects: 0.571100 ms CreateObjectMapping: 0.553500 ms MarkObjects: 18.348500 ms  DeleteObjects: 0.462800 ms)

AssetImportParameters requested are different than current active one (requested -> active):
  custom:video-decoder-ogg-theora: a1e56fd34408186e4bbccfd4996cb3dc -> 
  custom:container-muxer-webm: aa71ff27fc2769a1b78a27578f13a17b -> 
  custom:container-demuxer-webm: 4f35f7cbe854078d1ac9338744f61a02 -> 
  custom:video-encoder-webm-vp8: eb34c28f22e8b96e1ab97ce403110664 -> 
  custom:audio-encoder-webm-vorbis: bf7c407c2cedff20999df2af8eb42d56 -> 
  custom:framework-win-MediaFoundation: 216162199b28c13a410421893ffa2e32 -> 
  custom:container-demuxer-ogg: 62fdf1f143b41e24485cea50d1cbac27 -> 
  custom:video-decoder-webm-vp8: 9c59270c3fd7afecdb556c50c9e8de78 -> 
  custom:audio-decoder-ogg-vorbis: bf7c407c2cedff20999df2af8eb42d56 -> 
========================================================================
Received Import Request.
  Time since last request: 627.117219 seconds.
  path: Assets/Fonts/SIMKAI.TTF
  artifactKey: Guid(cdb9186ed30bd894c8415ebb29566bdf) Importer(815301076,1909f56bfc062723c751e8b465ee728b)
Start importing Assets/Fonts/SIMKAI.TTF using Guid(cdb9186ed30bd894c8415ebb29566bdf) Importer(815301076,1909f56bfc062723c751e8b465ee728b)  -> (artifact id: '2cc93b33f438d6bff8b6b27976ac39a7') in 0.328473 seconds 
========================================================================
Received Import Request.
  Time since last request: 6.739634 seconds.
  path: Assets/Fonts/SIMKAI.TTF
  artifactKey: Guid(cdb9186ed30bd894c8415ebb29566bdf) Importer(815301076,1909f56bfc062723c751e8b465ee728b)
Start importing Assets/Fonts/SIMKAI.TTF using Guid(cdb9186ed30bd894c8415ebb29566bdf) Importer(815301076,1909f56bfc062723c751e8b465ee728b)  -> (artifact id: 'f46e2595f619eb46a61368ab752528bc') in 0.369431 seconds 
========================================================================
Received Prepare
Registering precompiled user dll's ...
Registered in 0.167674 seconds.
Begin MonoManager ReloadAssembly
Symbol file LoadedFromMemory doesn't match image H:\unity-workspace\JumpingHappyBlocks\Library\PackageCache\com.unity.visualscripting@1.8.0\Editor\VisualScripting.Core\Dependencies\DotNetZip\Unity.VisualScripting.IonicZip.dll
Symbol file LoadedFromMemory doesn't match image H:\unity-workspace\JumpingHappyBlocks\Library\PackageCache\com.unity.visualscripting@1.8.0\Editor\VisualScripting.Core\Dependencies\YamlDotNet\Unity.VisualScripting.YamlDotNet.dll
Native extension for WindowsStandalone target not found
Native extension for WebGL target not found
Refreshing native plugins compatible for Editor in 1.94 ms, found 9 plugins.
Preloading 0 native plugins for Editor in 0.00 ms.
Mono: successfully reloaded assembly
- Completed reload, in 14.812 seconds
Domain Reload Profiling:
	ReloadAssembly (14818ms)
		BeginReloadAssembly (8771ms)
			ExecutionOrderSort (0ms)
			DisableScriptedObjects (400ms)
			BackupInstance (0ms)
			ReleaseScriptingObjects (1ms)
			CreateAndSetChildDomain (2022ms)
		EndReloadAssembly (4978ms)
			LoadAssemblies (4961ms)
			RebuildTransferFunctionScriptingTraits (1ms)
			SetupTypeCache (1470ms)
			ReleaseScriptCaches (4ms)
			RebuildScriptCaches (185ms)
			SetupLoadedEditorAssemblies (2650ms)
				LogAssemblyErrors (0ms)
				InitializePlatformSupportModulesInManaged (35ms)
				SetLoadedEditorAssemblies (4ms)
				RefreshPlugins (2ms)
				BeforeProcessingInitializeOnLoad (376ms)
				ProcessInitializeOnLoadAttributes (2014ms)
				ProcessInitializeOnLoadMethodAttributes (170ms)
				AfterProcessingInitializeOnLoad (48ms)
				EditorAssembliesLoaded (1ms)
			ExecutionOrderSort2 (0ms)
			AwakeInstancesAfterBackupRestoration (27ms)
Platform modules already initialized, skipping
Refreshing native plugins compatible for Editor in 86.51 ms, found 9 plugins.
Preloading 0 native plugins for Editor in 0.00 ms.
Unloading 3777 Unused Serialized files (Serialized files now loaded: 0)
Unloading 59 unused Assets / (199.1 KB). Loaded Objects now: 4297.
Memory consumption went from 172.7 MB to 172.5 MB.
Total: 13.577500 ms (FindLiveObjects: 0.640900 ms CreateObjectMapping: 0.589000 ms MarkObjects: 10.364000 ms  DeleteObjects: 1.980000 ms)

AssetImportParameters requested are different than current active one (requested -> active):
  custom:video-decoder-ogg-theora: a1e56fd34408186e4bbccfd4996cb3dc -> 
  custom:container-muxer-webm: aa71ff27fc2769a1b78a27578f13a17b -> 
  custom:container-demuxer-webm: 4f35f7cbe854078d1ac9338744f61a02 -> 
  custom:video-encoder-webm-vp8: eb34c28f22e8b96e1ab97ce403110664 -> 
  custom:audio-encoder-webm-vorbis: bf7c407c2cedff20999df2af8eb42d56 -> 
  custom:framework-win-MediaFoundation: 216162199b28c13a410421893ffa2e32 -> 
  custom:container-demuxer-ogg: 62fdf1f143b41e24485cea50d1cbac27 -> 
  custom:video-decoder-webm-vp8: 9c59270c3fd7afecdb556c50c9e8de78 -> 
  custom:audio-decoder-ogg-vorbis: bf7c407c2cedff20999df2af8eb42d56 -> 
========================================================================
Received Prepare
Registering precompiled user dll's ...
Registered in 0.598373 seconds.
Begin MonoManager ReloadAssembly
Symbol file LoadedFromMemory doesn't match image H:\unity-workspace\JumpingHappyBlocks\Library\PackageCache\com.unity.visualscripting@1.8.0\Editor\VisualScripting.Core\Dependencies\DotNetZip\Unity.VisualScripting.IonicZip.dll
Symbol file LoadedFromMemory doesn't match image H:\unity-workspace\JumpingHappyBlocks\Library\PackageCache\com.unity.visualscripting@1.8.0\Editor\VisualScripting.Core\Dependencies\YamlDotNet\Unity.VisualScripting.YamlDotNet.dll
Native extension for WindowsStandalone target not found
Native extension for WebGL target not found
Refreshing native plugins compatible for Editor in 37.66 ms, found 9 plugins.
Preloading 0 native plugins for Editor in 0.00 ms.
Mono: successfully reloaded assembly
- Completed reload, in 52.574 seconds
Domain Reload Profiling:
	ReloadAssembly (52576ms)
		BeginReloadAssembly (575ms)
			ExecutionOrderSort (0ms)
			DisableScriptedObjects (31ms)
			BackupInstance (0ms)
			ReleaseScriptingObjects (0ms)
			CreateAndSetChildDomain (109ms)
		EndReloadAssembly (48261ms)
			LoadAssemblies (1764ms)
			RebuildTransferFunctionScriptingTraits (0ms)
			SetupTypeCache (17085ms)
			ReleaseScriptCaches (56ms)
			RebuildScriptCaches (4089ms)
			SetupLoadedEditorAssemblies (16152ms)
				LogAssemblyErrors (3ms)
				InitializePlatformSupportModulesInManaged (402ms)
				SetLoadedEditorAssemblies (60ms)
				RefreshPlugins (38ms)
				BeforeProcessingInitializeOnLoad (5252ms)
				ProcessInitializeOnLoadAttributes (10187ms)
				ProcessInitializeOnLoadMethodAttributes (152ms)
				AfterProcessingInitializeOnLoad (56ms)
				EditorAssembliesLoaded (1ms)
			ExecutionOrderSort2 (0ms)
			AwakeInstancesAfterBackupRestoration (43ms)
Platform modules already initialized, skipping
Refreshing native plugins compatible for Editor in 228.17 ms, found 9 plugins.
Preloading 0 native plugins for Editor in 0.00 ms.
Unloading 3777 Unused Serialized files (Serialized files now loaded: 0)
Unloading 59 unused Assets / (199.2 KB). Loaded Objects now: 4300.
Memory consumption went from 172.7 MB to 172.5 MB.
Total: 10.818700 ms (FindLiveObjects: 0.676900 ms CreateObjectMapping: 0.436900 ms MarkObjects: 9.257600 ms  DeleteObjects: 0.443600 ms)

AssetImportParameters requested are different than current active one (requested -> active):
  custom:video-decoder-ogg-theora: a1e56fd34408186e4bbccfd4996cb3dc -> 
  custom:container-muxer-webm: aa71ff27fc2769a1b78a27578f13a17b -> 
  custom:container-demuxer-webm: 4f35f7cbe854078d1ac9338744f61a02 -> 
  custom:video-encoder-webm-vp8: eb34c28f22e8b96e1ab97ce403110664 -> 
  custom:audio-encoder-webm-vorbis: bf7c407c2cedff20999df2af8eb42d56 -> 
  custom:framework-win-MediaFoundation: 216162199b28c13a410421893ffa2e32 -> 
  custom:container-demuxer-ogg: 62fdf1f143b41e24485cea50d1cbac27 -> 
  custom:video-decoder-webm-vp8: 9c59270c3fd7afecdb556c50c9e8de78 -> 
  custom:audio-decoder-ogg-vorbis: bf7c407c2cedff20999df2af8eb42d56 -> 
========================================================================
Received Prepare
Registering precompiled user dll's ...
Registered in 0.496192 seconds.
Begin MonoManager ReloadAssembly
Symbol file LoadedFromMemory doesn't match image H:\unity-workspace\JumpingHappyBlocks\Library\PackageCache\com.unity.visualscripting@1.8.0\Editor\VisualScripting.Core\Dependencies\DotNetZip\Unity.VisualScripting.IonicZip.dll
Symbol file LoadedFromMemory doesn't match image H:\unity-workspace\JumpingHappyBlocks\Library\PackageCache\com.unity.visualscripting@1.8.0\Editor\VisualScripting.Core\Dependencies\YamlDotNet\Unity.VisualScripting.YamlDotNet.dll
Native extension for WindowsStandalone target not found
Native extension for WebGL target not found
Refreshing native plugins compatible for Editor in 1.98 ms, found 9 plugins.
Preloading 0 native plugins for Editor in 0.00 ms.
Mono: successfully reloaded assembly
- Completed reload, in 26.431 seconds
Domain Reload Profiling:
	ReloadAssembly (26879ms)
		BeginReloadAssembly (5073ms)
			ExecutionOrderSort (0ms)
			DisableScriptedObjects (638ms)
			BackupInstance (0ms)
			ReleaseScriptingObjects (0ms)
			CreateAndSetChildDomain (970ms)
		EndReloadAssembly (18786ms)
			LoadAssemblies (1984ms)
			RebuildTransferFunctionScriptingTraits (0ms)
			SetupTypeCache (7716ms)
			ReleaseScriptCaches (12ms)
			RebuildScriptCaches (3024ms)
			SetupLoadedEditorAssemblies (3551ms)
				LogAssemblyErrors (0ms)
				InitializePlatformSupportModulesInManaged (33ms)
				SetLoadedEditorAssemblies (2ms)
				RefreshPlugins (2ms)
				BeforeProcessingInitializeOnLoad (412ms)
				ProcessInitializeOnLoadAttributes (2876ms)
				ProcessInitializeOnLoadMethodAttributes (172ms)
				AfterProcessingInitializeOnLoad (53ms)
				EditorAssembliesLoaded (1ms)
			ExecutionOrderSort2 (0ms)
			AwakeInstancesAfterBackupRestoration (33ms)
Platform modules already initialized, skipping
Refreshing native plugins compatible for Editor in 48.95 ms, found 9 plugins.
Preloading 0 native plugins for Editor in 0.00 ms.
Unloading 3777 Unused Serialized files (Serialized files now loaded: 0)
Unloading 59 unused Assets / (199.1 KB). Loaded Objects now: 4303.
Memory consumption went from 172.7 MB to 172.5 MB.
Total: 17.441600 ms (FindLiveObjects: 0.742500 ms CreateObjectMapping: 0.502000 ms MarkObjects: 15.767700 ms  DeleteObjects: 0.425700 ms)

AssetImportParameters requested are different than current active one (requested -> active):
  custom:video-decoder-ogg-theora: a1e56fd34408186e4bbccfd4996cb3dc -> 
  custom:container-muxer-webm: aa71ff27fc2769a1b78a27578f13a17b -> 
  custom:container-demuxer-webm: 4f35f7cbe854078d1ac9338744f61a02 -> 
  custom:video-encoder-webm-vp8: eb34c28f22e8b96e1ab97ce403110664 -> 
  custom:audio-encoder-webm-vorbis: bf7c407c2cedff20999df2af8eb42d56 -> 
  custom:framework-win-MediaFoundation: 216162199b28c13a410421893ffa2e32 -> 
  custom:container-demuxer-ogg: 62fdf1f143b41e24485cea50d1cbac27 -> 
  custom:video-decoder-webm-vp8: 9c59270c3fd7afecdb556c50c9e8de78 -> 
  custom:audio-decoder-ogg-vorbis: bf7c407c2cedff20999df2af8eb42d56 -> 
========================================================================
Received Prepare
Refreshing native plugins compatible for Editor in 112.77 ms, found 9 plugins.
Preloading 0 native plugins for Editor in 0.00 ms.
Unloading 59 Unused Serialized files (Serialized files now loaded: 0)
Unloading 59 unused Assets / (196.3 KB). Loaded Objects now: 4303.
Memory consumption went from 98.4 MB to 98.2 MB.
Total: 11.389600 ms (FindLiveObjects: 0.523000 ms CreateObjectMapping: 0.404600 ms MarkObjects: 9.861600 ms  DeleteObjects: 0.597100 ms)

AssetImportParameters requested are different than current active one (requested -> active):
  custom:video-decoder-ogg-theora: a1e56fd34408186e4bbccfd4996cb3dc -> 
  custom:container-muxer-webm: aa71ff27fc2769a1b78a27578f13a17b -> 
  custom:container-demuxer-webm: 4f35f7cbe854078d1ac9338744f61a02 -> 
  custom:video-encoder-webm-vp8: eb34c28f22e8b96e1ab97ce403110664 -> 
  custom:audio-encoder-webm-vorbis: bf7c407c2cedff20999df2af8eb42d56 -> 
  custom:framework-win-MediaFoundation: 216162199b28c13a410421893ffa2e32 -> 
  custom:container-demuxer-ogg: 62fdf1f143b41e24485cea50d1cbac27 -> 
  custom:video-decoder-webm-vp8: 9c59270c3fd7afecdb556c50c9e8de78 -> 
  custom:audio-decoder-ogg-vorbis: bf7c407c2cedff20999df2af8eb42d56 -> 
========================================================================
Received Prepare
Refreshing native plugins compatible for Editor in 139.84 ms, found 9 plugins.
Preloading 0 native plugins for Editor in 0.00 ms.
Unloading 59 Unused Serialized files (Serialized files now loaded: 0)
Unloading 59 unused Assets / (196.5 KB). Loaded Objects now: 4303.
Memory consumption went from 98.0 MB to 97.9 MB.
Total: 13.042400 ms (FindLiveObjects: 0.954000 ms CreateObjectMapping: 0.567300 ms MarkObjects: 10.523300 ms  DeleteObjects: 0.994500 ms)

AssetImportParameters requested are different than current active one (requested -> active):
  custom:video-decoder-ogg-theora: a1e56fd34408186e4bbccfd4996cb3dc -> 
  custom:container-muxer-webm: aa71ff27fc2769a1b78a27578f13a17b -> 
  custom:container-demuxer-webm: 4f35f7cbe854078d1ac9338744f61a02 -> 
  custom:video-encoder-webm-vp8: eb34c28f22e8b96e1ab97ce403110664 -> 
  custom:audio-encoder-webm-vorbis: bf7c407c2cedff20999df2af8eb42d56 -> 
  custom:framework-win-MediaFoundation: 216162199b28c13a410421893ffa2e32 -> 
  custom:container-demuxer-ogg: 62fdf1f143b41e24485cea50d1cbac27 -> 
  custom:video-decoder-webm-vp8: 9c59270c3fd7afecdb556c50c9e8de78 -> 
  custom:audio-decoder-ogg-vorbis: bf7c407c2cedff20999df2af8eb42d56 -> 
========================================================================
Received Prepare
Refreshing native plugins compatible for Editor in 252.88 ms, found 9 plugins.
Preloading 0 native plugins for Editor in 0.00 ms.
Unloading 59 Unused Serialized files (Serialized files now loaded: 0)
Unloading 59 unused Assets / (196.6 KB). Loaded Objects now: 4303.
Memory consumption went from 98.0 MB to 97.9 MB.
Total: 13.862500 ms (FindLiveObjects: 0.521400 ms CreateObjectMapping: 0.968600 ms MarkObjects: 11.828600 ms  DeleteObjects: 0.540800 ms)

AssetImportParameters requested are different than current active one (requested -> active):
  custom:video-decoder-ogg-theora: a1e56fd34408186e4bbccfd4996cb3dc -> 
  custom:container-muxer-webm: aa71ff27fc2769a1b78a27578f13a17b -> 
  custom:container-demuxer-webm: 4f35f7cbe854078d1ac9338744f61a02 -> 
  custom:video-encoder-webm-vp8: eb34c28f22e8b96e1ab97ce403110664 -> 
  custom:audio-encoder-webm-vorbis: bf7c407c2cedff20999df2af8eb42d56 -> 
  custom:framework-win-MediaFoundation: 216162199b28c13a410421893ffa2e32 -> 
  custom:container-demuxer-ogg: 62fdf1f143b41e24485cea50d1cbac27 -> 
  custom:video-decoder-webm-vp8: 9c59270c3fd7afecdb556c50c9e8de78 -> 
  custom:audio-decoder-ogg-vorbis: bf7c407c2cedff20999df2af8eb42d56 -> 
========================================================================
Received Prepare
Refreshing native plugins compatible for Editor in 137.25 ms, found 9 plugins.
Preloading 0 native plugins for Editor in 0.00 ms.
Unloading 59 Unused Serialized files (Serialized files now loaded: 0)
Unloading 59 unused Assets / (196.6 KB). Loaded Objects now: 4303.
Memory consumption went from 98.0 MB to 97.9 MB.
Total: 175.648700 ms (FindLiveObjects: 0.528300 ms CreateObjectMapping: 0.417800 ms MarkObjects: 174.132400 ms  DeleteObjects: 0.566500 ms)

AssetImportParameters requested are different than current active one (requested -> active):
  custom:video-decoder-ogg-theora: a1e56fd34408186e4bbccfd4996cb3dc -> 
  custom:container-muxer-webm: aa71ff27fc2769a1b78a27578f13a17b -> 
  custom:container-demuxer-webm: 4f35f7cbe854078d1ac9338744f61a02 -> 
  custom:video-encoder-webm-vp8: eb34c28f22e8b96e1ab97ce403110664 -> 
  custom:audio-encoder-webm-vorbis: bf7c407c2cedff20999df2af8eb42d56 -> 
  custom:framework-win-MediaFoundation: 216162199b28c13a410421893ffa2e32 -> 
  custom:container-demuxer-ogg: 62fdf1f143b41e24485cea50d1cbac27 -> 
  custom:video-decoder-webm-vp8: 9c59270c3fd7afecdb556c50c9e8de78 -> 
  custom:audio-decoder-ogg-vorbis: bf7c407c2cedff20999df2af8eb42d56 -> 
========================================================================
Received Prepare
Refreshing native plugins compatible for Editor in 418.55 ms, found 9 plugins.
Preloading 0 native plugins for Editor in 0.00 ms.
Unloading 59 Unused Serialized files (Serialized files now loaded: 0)
Unloading 59 unused Assets / (196.5 KB). Loaded Objects now: 4303.
Memory consumption went from 98.0 MB to 97.9 MB.
Total: 15.383400 ms (FindLiveObjects: 0.525200 ms CreateObjectMapping: 0.479800 ms MarkObjects: 13.956500 ms  DeleteObjects: 0.419100 ms)

AssetImportParameters requested are different than current active one (requested -> active):
  custom:video-decoder-ogg-theora: a1e56fd34408186e4bbccfd4996cb3dc -> 
  custom:container-muxer-webm: aa71ff27fc2769a1b78a27578f13a17b -> 
  custom:container-demuxer-webm: 4f35f7cbe854078d1ac9338744f61a02 -> 
  custom:video-encoder-webm-vp8: eb34c28f22e8b96e1ab97ce403110664 -> 
  custom:audio-encoder-webm-vorbis: bf7c407c2cedff20999df2af8eb42d56 -> 
  custom:framework-win-MediaFoundation: 216162199b28c13a410421893ffa2e32 -> 
  custom:container-demuxer-ogg: 62fdf1f143b41e24485cea50d1cbac27 -> 
  custom:video-decoder-webm-vp8: 9c59270c3fd7afecdb556c50c9e8de78 -> 
  custom:audio-decoder-ogg-vorbis: bf7c407c2cedff20999df2af8eb42d56 -> 
========================================================================
Received Prepare
Refreshing native plugins compatible for Editor in 17322.88 ms, found 9 plugins.
Preloading 0 native plugins for Editor in 0.00 ms.
Unloading 59 Unused Serialized files (Serialized files now loaded: 0)
Unloading 59 unused Assets / (196.4 KB). Loaded Objects now: 4303.
Memory consumption went from 98.0 MB to 97.9 MB.
Total: 618.800300 ms (FindLiveObjects: 52.297200 ms CreateObjectMapping: 1.271400 ms MarkObjects: 524.118800 ms  DeleteObjects: 41.108100 ms)

AssetImportParameters requested are different than current active one (requested -> active):
  custom:video-decoder-ogg-theora: a1e56fd34408186e4bbccfd4996cb3dc -> 
  custom:container-muxer-webm: aa71ff27fc2769a1b78a27578f13a17b -> 
  custom:container-demuxer-webm: 4f35f7cbe854078d1ac9338744f61a02 -> 
  custom:video-encoder-webm-vp8: eb34c28f22e8b96e1ab97ce403110664 -> 
  custom:audio-encoder-webm-vorbis: bf7c407c2cedff20999df2af8eb42d56 -> 
  custom:framework-win-MediaFoundation: 216162199b28c13a410421893ffa2e32 -> 
  custom:container-demuxer-ogg: 62fdf1f143b41e24485cea50d1cbac27 -> 
  custom:video-decoder-webm-vp8: 9c59270c3fd7afecdb556c50c9e8de78 -> 
  custom:audio-decoder-ogg-vorbis: bf7c407c2cedff20999df2af8eb42d56 -> 
